<?xml version="1.0" encoding="UTF-8"?>
<!-- Generated by org.testng.reporters.JUnitXMLReporter -->
<testsuite ignored="2" hostname="yashikas-air.lan" failures="0" tests="2" name="Command line test" time="3.761" errors="0" timestamp="01 Feb 2021 20:54:07 GMT">
  <testcase classname="com.xebia.automatoon.test.home.BasicSearchTest" name="launchTest" time="0.123"/>
  <testcase classname="com.xebia.automatoon.test.home.BasicSearchTest" name="searchTest" time="2.827"/>
  <testcase classname="com.xebia.automation.basetest.XebiaBaseTest" name="@BeforeSuite init" time="0.0">
    <ignored/>
  </testcase> <!-- @BeforeSuite init -->
  <testcase classname="com.xebia.automation.basetest.XebiaBaseTest" name="@AfterSuite teardown" time="0.0">
    <ignored/>
  </testcase> <!-- @AfterSuite teardown -->
</testsuite> <!-- Command line test -->
