<?xml version="1.0" encoding="UTF-8"?>
<testng-results ignored="2" total="4" passed="2" failed="0" skipped="0">
  <reporter-output>
  </reporter-output>
  <suite started-at="2021-02-01T20:54:03Z" name="Command line suite" finished-at="2021-02-01T20:54:07Z" duration-ms="3761">
    <groups>
    </groups>
    <test started-at="2021-02-01T20:54:03Z" name="Command line test" finished-at="2021-02-01T20:54:07Z" duration-ms="3761">
      <class name="com.xebia.automatoon.test.home.BasicSearchTest">
        <test-method is-config="true" signature="init()[pri:0, instance:com.xebia.automatoon.test.home.BasicSearchTest@77f1baf5]" started-at="2021-02-01T14:53:59Z" name="init" finished-at="2021-02-01T14:54:03Z" duration-ms="4493" status="PASS">
          <reporter-output>
          </reporter-output>
        </test-method> <!-- init -->
        <test-method signature="launchTest()[pri:0, instance:com.xebia.automatoon.test.home.BasicSearchTest@77f1baf5]" started-at="2021-02-01T14:54:03Z" name="launchTest" finished-at="2021-02-01T14:54:04Z" duration-ms="123" status="PASS">
          <reporter-output>
          </reporter-output>
        </test-method> <!-- launchTest -->
        <test-method signature="searchTest()[pri:0, instance:com.xebia.automatoon.test.home.BasicSearchTest@77f1baf5]" started-at="2021-02-01T14:54:04Z" name="searchTest" finished-at="2021-02-01T14:54:07Z" depends-on-methods="com.xebia.automatoon.test.home.BasicSearchTest.launchTest" duration-ms="2827" status="PASS">
          <reporter-output>
          </reporter-output>
        </test-method> <!-- searchTest -->
        <test-method is-config="true" signature="teardown()[pri:0, instance:com.xebia.automatoon.test.home.BasicSearchTest@77f1baf5]" started-at="2021-02-01T14:54:07Z" name="teardown" finished-at="2021-02-01T14:54:07Z" duration-ms="195" status="PASS">
          <reporter-output>
          </reporter-output>
        </test-method> <!-- teardown -->
      </class> <!-- com.xebia.automatoon.test.home.BasicSearchTest -->
    </test> <!-- Command line test -->
  </suite> <!-- Command line suite -->
</testng-results>
