<?xml version="1.0" encoding="UTF-8"?>
<testng-results ignored="0" total="2" passed="2" failed="0" skipped="0">
  <reporter-output>
  </reporter-output>
  <suite started-at="2021-02-02T03:45:01Z" name="Suite" finished-at="2021-02-02T03:45:05Z" duration-ms="4283">
    <groups>
    </groups>
    <test started-at="2021-02-02T03:45:01Z" name="Test" finished-at="2021-02-02T03:45:05Z" duration-ms="4283">
      <class name="com.xebia.automatoon.test.home.BasicSearchTest">
        <test-method is-config="true" signature="init()[pri:0, instance:com.xebia.automatoon.test.home.BasicSearchTest@1e097d59]" started-at="2021-02-01T21:44:55Z" name="init" finished-at="2021-02-01T21:45:01Z" duration-ms="5840" status="PASS">
          <reporter-output>
          </reporter-output>
        </test-method> <!-- init -->
        <test-method signature="launchTest()[pri:0, instance:com.xebia.automatoon.test.home.BasicSearchTest@1e097d59]" started-at="2021-02-01T21:45:01Z" name="launchTest" finished-at="2021-02-01T21:45:01Z" duration-ms="244" status="PASS">
          <reporter-output>
          </reporter-output>
        </test-method> <!-- launchTest -->
        <test-method signature="searchTest()[pri:0, instance:com.xebia.automatoon.test.home.BasicSearchTest@1e097d59]" started-at="2021-02-01T21:45:01Z" name="searchTest" finished-at="2021-02-01T21:45:04Z" depends-on-methods="com.xebia.automatoon.test.home.BasicSearchTest.launchTest" duration-ms="3046" status="PASS">
          <reporter-output>
          </reporter-output>
        </test-method> <!-- searchTest -->
        <test-method is-config="true" signature="teardown()[pri:0, instance:com.xebia.automatoon.test.home.BasicSearchTest@1e097d59]" started-at="2021-02-01T21:45:05Z" name="teardown" finished-at="2021-02-01T21:45:05Z" duration-ms="250" status="PASS">
          <reporter-output>
          </reporter-output>
        </test-method> <!-- teardown -->
      </class> <!-- com.xebia.automatoon.test.home.BasicSearchTest -->
    </test> <!-- Test -->
  </suite> <!-- Suite -->
</testng-results>
